\BOOKMARK [0][-]{section*.1}{Abstract}{}% 1
\BOOKMARK [0][-]{section*.2}{Acknowledgement}{}% 2
\BOOKMARK [0][-]{section*.3}{Table of Contents}{}% 3
\BOOKMARK [0][-]{section*.4}{List of Figures}{}% 4
\BOOKMARK [0][-]{section*.5}{List of Tables}{}% 5
\BOOKMARK [0][-]{section*.6}{Acronyms}{}% 6
\BOOKMARK [0][-]{chapter.1}{Introduction}{}% 7
\BOOKMARK [1][-]{section.1.1}{Motivation}{chapter.1}% 8
\BOOKMARK [1][-]{section.1.2}{Objectives}{chapter.1}% 9
\BOOKMARK [1][-]{section.1.3}{Methodology}{chapter.1}% 10
\BOOKMARK [1][-]{section.1.4}{Applications}{chapter.1}% 11
\BOOKMARK [1][-]{section.1.5}{Advantages and Disadvantages}{chapter.1}% 12
\BOOKMARK [1][-]{section.1.6}{Organisation of the Report}{chapter.1}% 13
\BOOKMARK [0][-]{chapter.2}{Literature survey}{}% 14
\BOOKMARK [0][-]{chapter.3}{title}{}% 15
\BOOKMARK [0][-]{chapter.4}{title}{}% 16
\BOOKMARK [0][-]{chapter.5}{Conclusion and Future scope}{}% 17
\BOOKMARK [0][-]{chapter*.7}{References}{}% 18
\BOOKMARK [0][-]{section*.8}{Appendices}{}% 19
\BOOKMARK [0][-]{chapter.A}{Topic 1}{}% 20
